<?xml version="1.0" encoding="UTF-8"?>
<!-- Generated by org.testng.reporters.JUnitXMLReporter -->
<testsuite ignored="0" hostname="rohinikmarismbp.lan" failures="0" tests="12" name="Default test" time="12.338" errors="0" timestamp="2022-07-23T18:03:43 PDT">
  <testcase classname="com.rohini.predict.ReqresAPITest" name="createUser" time="2.511"/>
  <testcase classname="com.rohini.predict.ReqresAPITest" name="createUserAndListAllUsers" time="1.164"/>
  <testcase classname="com.rohini.predict.ReqresAPITest" name="deleteUser" time="0.624"/>
  <testcase classname="com.rohini.predict.ReqresAPITest" name="loginUserFailure" time="0.415"/>
  <testcase classname="com.rohini.predict.ReqresAPITest" name="registerUser" time="0.451"/>
  <testcase classname="com.rohini.predict.ReqresAPITest" name="registerUserFailure" time="0.561"/>
  <testcase classname="com.rohini.predict.ReqresAPITest" name="retrieveGvnUser" time="0.611"/>
  <testcase classname="com.rohini.predict.ReqresAPITest" name="retrieveListOfUsers" time="0.105"/>
  <testcase classname="com.rohini.predict.ReqresAPITest" name="updateUser" time="0.44"/>
  <testcase classname="com.rohini.predict.ReqresAPITest" name="userDelayed" time="3.565"/>
  <testcase classname="com.rohini.predict.ReqresAPITest" name="validateUserRegistrationLoginFlows" time="1.212"/>
  <testcase classname="com.rohini.predict.ReqresAPITest" name="loginUser" time="0.614"/>
</testsuite> <!-- Default test -->
